<?xml version="1.0" encoding="UTF-8"?>
<testng-results ignored="0" total="1" passed="1" failed="0" skipped="0">
  <reporter-output>
  </reporter-output>
  <suite started-at="2023-09-27T17:04:11 IST" name="Surefire suite" finished-at="2023-09-27T17:04:11 IST" duration-ms="82">
    <groups>
    </groups>
    <test started-at="2023-09-27T17:04:11 IST" name="Surefire test" finished-at="2023-09-27T17:04:11 IST" duration-ms="82">
      <class name="Jenkins_Demo.Jenkins_project.AppTest">
        <test-method signature="shouldAnswerWithTrue()" started-at="2023-09-27T17:04:11 IST" name="shouldAnswerWithTrue" finished-at="2023-09-27T17:04:11 IST" duration-ms="15" status="PASS">
          <reporter-output>
          </reporter-output>
        </test-method> <!-- shouldAnswerWithTrue -->
      </class> <!-- Jenkins_Demo.Jenkins_project.AppTest -->
    </test> <!-- Surefire test -->
  </suite> <!-- Surefire suite -->
</testng-results>
