<?xml version="1.0" encoding="UTF-8"?>
<testng-results ignored="0" total="2" passed="2" failed="0" skipped="0">
  <reporter-output>
  </reporter-output>
  <suite started-at="2023-09-27T17:04:06 IST" name="Surefire suite" finished-at="2023-09-27T17:04:11 IST" duration-ms="4402">
    <groups>
    </groups>
    <test started-at="2023-09-27T17:04:06 IST" name="Surefire test" finished-at="2023-09-27T17:04:11 IST" duration-ms="4402">
      <class name="Jenkins_Demo.Jenkins_project.Test_case_1">
        <test-method is-config="true" signature="setUp()[pri:0, instance:Jenkins_Demo.Jenkins_project.Test_case_1@22e357dc]" started-at="2023-09-27T17:04:02 IST" name="setUp" finished-at="2023-09-27T17:04:06 IST" duration-ms="4545" status="PASS">
          <reporter-output>
          </reporter-output>
        </test-method> <!-- setUp -->
        <test-method signature="test1()[pri:0, instance:Jenkins_Demo.Jenkins_project.Test_case_1@22e357dc]" started-at="2023-09-27T17:04:06 IST" name="test1" finished-at="2023-09-27T17:04:06 IST" duration-ms="15" status="PASS">
          <reporter-output>
          </reporter-output>
        </test-method> <!-- test1 -->
        <test-method signature="test2()[pri:0, instance:Jenkins_Demo.Jenkins_project.Test_case_1@22e357dc]" started-at="2023-09-27T17:04:06 IST" name="test2" finished-at="2023-09-27T17:04:11 IST" duration-ms="4316" status="PASS">
          <reporter-output>
          </reporter-output>
        </test-method> <!-- test2 -->
        <test-method is-config="true" signature="tearDown()[pri:0, instance:Jenkins_Demo.Jenkins_project.Test_case_1@22e357dc]" started-at="2023-09-27T17:04:11 IST" name="tearDown" finished-at="2023-09-27T17:04:11 IST" duration-ms="378" status="PASS">
          <reporter-output>
          </reporter-output>
        </test-method> <!-- tearDown -->
      </class> <!-- Jenkins_Demo.Jenkins_project.Test_case_1 -->
    </test> <!-- Surefire test -->
  </suite> <!-- Surefire suite -->
</testng-results>
