<?xml version="1.0" encoding="UTF-8"?>
<testsuite xmlns:xsi="http://www.w3.org/2001/XMLSchema-instance" xsi:noNamespaceSchemaLocation="https://maven.apache.org/surefire/maven-surefire-plugin/xsd/surefire-test-report.xsd" name="TestSuite" time="11.143" tests="3" errors="0" skipped="0" failures="0">
  <properties>
[...]
</properties>
  <testcase name="test1" classname="Jenkins_Demo.Jenkins_project.Test_case_1" time="0.018"/>
  <testcase name="test2" classname="Jenkins_Demo.Jenkins_project.Test_case_1" time="4.315"/>
  <testcase name="shouldAnswerWithTrue on shouldAnswerWithTrue(Jenkins_Demo.Jenkins_project.AppTest)" classname="Jenkins_Demo.Jenkins_project.AppTest" time="0.002"/>
</testsuite>