<?xml version="1.0" encoding="UTF-8"?>
<testng-results ignored="0" total="2" passed="2" failed="0" skipped="0">
  <reporter-output>
  </reporter-output>
  <suite started-at="2023-09-27T17:00:55 IST" name="Default suite" finished-at="2023-09-27T17:01:00 IST" duration-ms="5403">
    <groups>
    </groups>
    <test started-at="2023-09-27T17:00:55 IST" name="Default test" finished-at="2023-09-27T17:01:00 IST" duration-ms="5403">
      <class name="Jenkins_Demo.Jenkins_project.Test_case_1">
        <test-method is-config="true" signature="setUp()[pri:0, instance:Jenkins_Demo.Jenkins_project.Test_case_1@5524cca1]" started-at="2023-09-27T17:00:51 IST" name="setUp" finished-at="2023-09-27T17:00:55 IST" duration-ms="4102" status="PASS">
          <reporter-output>
          </reporter-output>
        </test-method> <!-- setUp -->
        <test-method signature="test1()[pri:0, instance:Jenkins_Demo.Jenkins_project.Test_case_1@5524cca1]" started-at="2023-09-27T17:00:55 IST" name="test1" finished-at="2023-09-27T17:00:55 IST" duration-ms="21" status="PASS">
          <reporter-output>
          </reporter-output>
        </test-method> <!-- test1 -->
        <test-method signature="test2()[pri:0, instance:Jenkins_Demo.Jenkins_project.Test_case_1@5524cca1]" started-at="2023-09-27T17:00:55 IST" name="test2" finished-at="2023-09-27T17:01:00 IST" duration-ms="5312" status="PASS">
          <reporter-output>
          </reporter-output>
        </test-method> <!-- test2 -->
        <test-method is-config="true" signature="tearDown()[pri:0, instance:Jenkins_Demo.Jenkins_project.Test_case_1@5524cca1]" started-at="2023-09-27T17:01:00 IST" name="tearDown" finished-at="2023-09-27T17:01:01 IST" duration-ms="887" status="PASS">
          <reporter-output>
          </reporter-output>
        </test-method> <!-- tearDown -->
      </class> <!-- Jenkins_Demo.Jenkins_project.Test_case_1 -->
    </test> <!-- Default test -->
  </suite> <!-- Default suite -->
</testng-results>
